The flag --repo is not given, going to use mongoose-os repository
Sources: [/Users/bcouchman/Documents/Perso/projects/meeio/electronics/mongooseos/libs/arduino-sd/src/mgos_arduino_sd_c.c /Users/bcouchman/Documents/Perso/projects/meeio/electronics/mongooseos/libs/arduino-sd/src/sd_diskio_crc.c /Users/bcouchman/Documents/Perso/projects/meeio/electronics/mongooseos/libs/arduino-sd/src/FS.cpp /Users/bcouchman/Documents/Perso/projects/meeio/electronics/mongooseos/libs/arduino-sd/src/SD.cpp /Users/bcouchman/Documents/Perso/projects/meeio/electronics/mongooseos/libs/arduino-sd/src/SPI.cpp /Users/bcouchman/Documents/Perso/projects/meeio/electronics/mongooseos/libs/arduino-sd/src/mgos_arduino_sd.cpp /Users/bcouchman/Documents/Perso/projects/meeio/electronics/mongooseos/libs/arduino-sd/src/sd_diskio.cpp /Users/bcouchman/Documents/Perso/projects/meeio/electronics/mongooseos/libs/arduino-sd/src/vfs_api.cpp]
Include dirs: [/Users/bcouchman/Documents/Perso/projects/meeio/electronics/mongooseos/libs/arduino-sd/include /Users/bcouchman/Documents/Perso/projects/meeio/electronics/mongooseos/libs/arduino-sd/esp32-arduino]
Binary libs: []
Building...
mount from "/Users/bcouchman/Documents/Perso/projects/meeio/electronics/mongooseos/libs" to "/app"
mount from "/Users/bcouchman/Documents/Perso/projects/meeio/electronics/mongooseos/libs/arduino-sd/deps/mongoose-os" to "/mongoose-os"
mount from "/Users/bcouchman/Documents/Perso/projects/meeio/electronics/mongooseos/libs/arduino-sd/deps/mongoose-os" to "/Users/bcouchman/Documents/Perso/projects/meeio/electronics/mongooseos/libs/arduino-sd/deps/mongoose-os"
mount from "/Users/bcouchman/Documents/Perso/projects/meeio/electronics/mongooseos/libs/arduino-sd/build" to "/Users/bcouchman/Documents/Perso/projects/meeio/electronics/mongooseos/libs/arduino-sd/build"
mount from "/Users/bcouchman/Documents/Perso/projects/meeio/electronics/mongooseos/libs/arduino-sd/src" to "/Users/bcouchman/Documents/Perso/projects/meeio/electronics/mongooseos/libs/arduino-sd/src"
mount from "/Users/bcouchman/Documents/Perso/projects/meeio/electronics/mongooseos/libs/arduino-sd/include" to "/Users/bcouchman/Documents/Perso/projects/meeio/electronics/mongooseos/libs/arduino-sd/include"
mount from "/Users/bcouchman/Documents/Perso/projects/meeio/electronics/mongooseos/libs/arduino-sd/esp32-arduino" to "/Users/bcouchman/Documents/Perso/projects/meeio/electronics/mongooseos/libs/arduino-sd/esp32-arduino"
Docker arguments: run --name mos_build_2018-02-21T22-49-30-00_2386355333264718510 --rm -i -v /Users/bcouchman/Documents/Perso/projects/meeio/electronics/mongooseos/libs:/app -v /Users/bcouchman/Documents/Perso/projects/meeio/electronics/mongooseos/libs/arduino-sd/deps/mongoose-os:/mongoose-os -v /Users/bcouchman/Documents/Perso/projects/meeio/electronics/mongooseos/libs/arduino-sd/deps/mongoose-os:/Users/bcouchman/Documents/Perso/projects/meeio/electronics/mongooseos/libs/arduino-sd/deps/mongoose-os -v /Users/bcouchman/Documents/Perso/projects/meeio/electronics/mongooseos/libs/arduino-sd/build:/Users/bcouchman/Documents/Perso/projects/meeio/electronics/mongooseos/libs/arduino-sd/build -v /Users/bcouchman/Documents/Perso/projects/meeio/electronics/mongooseos/libs/arduino-sd/src:/Users/bcouchman/Documents/Perso/projects/meeio/electronics/mongooseos/libs/arduino-sd/src -v /Users/bcouchman/Documents/Perso/projects/meeio/electronics/mongooseos/libs/arduino-sd/include:/Users/bcouchman/Documents/Perso/projects/meeio/electronics/mongooseos/libs/arduino-sd/include -v /Users/bcouchman/Documents/Perso/projects/meeio/electronics/mongooseos/libs/arduino-sd/esp32-arduino:/Users/bcouchman/Documents/Perso/projects/meeio/electronics/mongooseos/libs/arduino-sd/esp32-arduino docker.cesanta.com/esp32-build:3.0-rc1-r3 /bin/bash -c nice make '-j' '8' '-C' '/app/arduino-sd' '-f' '/mongoose-os/fw/platforms/esp32/Makefile.build' '/Users/bcouchman/Documents/Perso/projects/meeio/electronics/mongooseos/libs/arduino-sd/build/objs/moslib/libmoslib.a' 'PLATFORM=esp32' 'GEN_DIR=/Users/bcouchman/Documents/Perso/projects/meeio/electronics/mongooseos/libs/arduino-sd/build/gen' 'FS_STAGING_DIR=build/fs' 'APP_FS_FILES=' 'APP_SOURCES=/Users/bcouchman/Documents/Perso/projects/meeio/electronics/mongooseos/libs/arduino-sd/src/mgos_arduino_sd_c.c /Users/bcouchman/Documents/Perso/projects/meeio/electronics/mongooseos/libs/arduino-sd/src/sd_diskio_crc.c /Users/bcouchman/Documents/Perso/projects/meeio/electronics/mongooseos/libs/arduino-sd/src/FS.cpp /Users/bcouchman/Documents/Perso/projects/meeio/electronics/mongooseos/libs/arduino-sd/src/SD.cpp /Users/bcouchman/Documents/Perso/projects/meeio/electronics/mongooseos/libs/arduino-sd/src/SPI.cpp /Users/bcouchman/Documents/Perso/projects/meeio/electronics/mongooseos/libs/arduino-sd/src/mgos_arduino_sd.cpp /Users/bcouchman/Documents/Perso/projects/meeio/electronics/mongooseos/libs/arduino-sd/src/sd_diskio.cpp /Users/bcouchman/Documents/Perso/projects/meeio/electronics/mongooseos/libs/arduino-sd/src/vfs_api.cpp' 'BUILD_DIR=/Users/bcouchman/Documents/Perso/projects/meeio/electronics/mongooseos/libs/arduino-sd/build/objs' 'ESP_IDF_SDKCONFIG_OPTS=' 'FFI_SYMBOLS=' 'MANIFEST_FINAL=/Users/bcouchman/Documents/Perso/projects/meeio/electronics/mongooseos/libs/arduino-sd/build/gen/mos_final.yml' 'FW_DIR=build/fw' 'APP=arduino-sd' 'ESP_IDF_EXTRA_COMPONENTS= fatfs wear_levelling sdmmc' 'MGOS_PATH=/mongoose-os' 'APP_CXXFLAGS=' 'APP_CFLAGS=' 'APP_INCLUDES=/Users/bcouchman/Documents/Perso/projects/meeio/electronics/mongooseos/libs/arduino-sd/include /Users/bcouchman/Documents/Perso/projects/meeio/electronics/mongooseos/libs/arduino-sd/esp32-arduino' 'APP_BIN_LIBS=' 'APP_VERSION=1.0' 'MGOS_MAIN_COMPONENT=moslib'
make: Entering directory '/app/arduino-sd'
including /opt/Espressif/esp-idf/components/bootloader/Makefile.projbuild...
including /opt/Espressif/esp-idf/components/bootloader_support/Makefile.projbuild...
including /opt/Espressif/esp-idf/components/esp32/Makefile.projbuild...
including /opt/Espressif/esp-idf/components/esptool_py/Makefile.projbuild...
including /opt/Espressif/esp-idf/components/partition_table/Makefile.projbuild...
/mongoose-os/fw/platforms/esp32/Makefile.build:181: warning: overriding recipe for target 'defconfig'
/opt/Espressif/esp-idf/make/project_config.mk:71: warning: ignoring old recipe for target 'defconfig'
/mongoose-os/fw/platforms/esp32/Makefile.build:181: warning: overriding recipe for target 'menuconfig'
/opt/Espressif/esp-idf/make/project_config.mk:58: warning: ignoring old recipe for target 'menuconfig'
#
# configuration written to /Users/bcouchman/Documents/Perso/projects/meeio/electronics/mongooseos/libs/arduino-sd/build/gen/sdkconfig
#
make[1]: Entering directory '/Users/bcouchman/Documents/Perso/projects/meeio/electronics/mongooseos/libs/arduino-sd/build/objs/cs_mbedtls'
make[1]: Entering directory '/Users/bcouchman/Documents/Perso/projects/meeio/electronics/mongooseos/libs/arduino-sd/build/objs/sdmmc'
make[1]: Entering directory '/Users/bcouchman/Documents/Perso/projects/meeio/electronics/mongooseos/libs/arduino-sd/build/objs/xtensa-debug-module'
make[1]: Entering directory '/Users/bcouchman/Documents/Perso/projects/meeio/electronics/mongooseos/libs/arduino-sd/build/objs/cryptoauthlib'
make[1]: Entering directory '/Users/bcouchman/Documents/Perso/projects/meeio/electronics/mongooseos/libs/arduino-sd/build/objs/wear_levelling'
make[1]: Entering directory '/Users/bcouchman/Documents/Perso/projects/meeio/electronics/mongooseos/libs/arduino-sd/build/objs/fatfs'
make[1]: Leaving directory '/Users/bcouchman/Documents/Perso/projects/meeio/electronics/mongooseos/libs/arduino-sd/build/objs/cs_mbedtls'
make[1]: Leaving directory '/Users/bcouchman/Documents/Perso/projects/meeio/electronics/mongooseos/libs/arduino-sd/build/objs/sdmmc'
make[1]: Entering directory '/Users/bcouchman/Documents/Perso/projects/meeio/electronics/mongooseos/libs/arduino-sd/build/objs/spiffs'
make[1]: Leaving directory '/Users/bcouchman/Documents/Perso/projects/meeio/electronics/mongooseos/libs/arduino-sd/build/objs/xtensa-debug-module'
make[1]: Leaving directory '/Users/bcouchman/Documents/Perso/projects/meeio/electronics/mongooseos/libs/arduino-sd/build/objs/wear_levelling'
make[1]: Leaving directory '/Users/bcouchman/Documents/Perso/projects/meeio/electronics/mongooseos/libs/arduino-sd/build/objs/cryptoauthlib'
make[1]: Entering directory '/Users/bcouchman/Documents/Perso/projects/meeio/electronics/mongooseos/libs/arduino-sd/build/objs/vfs'
make[1]: Leaving directory '/Users/bcouchman/Documents/Perso/projects/meeio/electronics/mongooseos/libs/arduino-sd/build/objs/fatfs'
make[1]: Entering directory '/Users/bcouchman/Documents/Perso/projects/meeio/electronics/mongooseos/libs/arduino-sd/build/objs/tcpip_adapter'
make[1]: Leaving directory '/Users/bcouchman/Documents/Perso/projects/meeio/electronics/mongooseos/libs/arduino-sd/build/objs/spiffs'
make[1]: Entering directory '/Users/bcouchman/Documents/Perso/projects/meeio/electronics/mongooseos/libs/arduino-sd/build/objs/spi_flash'
make[1]: Entering directory '/Users/bcouchman/Documents/Perso/projects/meeio/electronics/mongooseos/libs/arduino-sd/build/objs/soc'
make[1]: Entering directory '/Users/bcouchman/Documents/Perso/projects/meeio/electronics/mongooseos/libs/arduino-sd/build/objs/partition_table'
make[1]: Leaving directory '/Users/bcouchman/Documents/Perso/projects/meeio/electronics/mongooseos/libs/arduino-sd/build/objs/partition_table'
make[1]: Entering directory '/Users/bcouchman/Documents/Perso/projects/meeio/electronics/mongooseos/libs/arduino-sd/build/objs/pthread'
make[1]: Leaving directory '/Users/bcouchman/Documents/Perso/projects/meeio/electronics/mongooseos/libs/arduino-sd/build/objs/vfs'
make[1]: Entering directory '/Users/bcouchman/Documents/Perso/projects/meeio/electronics/mongooseos/libs/arduino-sd/build/objs/wpa_supplicant'
make[1]: Leaving directory '/Users/bcouchman/Documents/Perso/projects/meeio/electronics/mongooseos/libs/arduino-sd/build/objs/tcpip_adapter'
make[1]: Entering directory '/Users/bcouchman/Documents/Perso/projects/meeio/electronics/mongooseos/libs/arduino-sd/build/objs/moslib'
make[1]: Entering directory '/Users/bcouchman/Documents/Perso/projects/meeio/electronics/mongooseos/libs/arduino-sd/build/objs/nvs_flash'
make[1]: Entering directory '/Users/bcouchman/Documents/Perso/projects/meeio/electronics/mongooseos/libs/arduino-sd/build/objs/newlib'
make[1]: Leaving directory '/Users/bcouchman/Documents/Perso/projects/meeio/electronics/mongooseos/libs/arduino-sd/build/objs/spi_flash'
make[1]: Leaving directory '/Users/bcouchman/Documents/Perso/projects/meeio/electronics/mongooseos/libs/arduino-sd/build/objs/soc'
make[1]: Leaving directory '/Users/bcouchman/Documents/Perso/projects/meeio/electronics/mongooseos/libs/arduino-sd/build/objs/pthread'
make[1]: Entering directory '/Users/bcouchman/Documents/Perso/projects/meeio/electronics/mongooseos/libs/arduino-sd/build/objs/log'
make[1]: Entering directory '/Users/bcouchman/Documents/Perso/projects/meeio/electronics/mongooseos/libs/arduino-sd/build/objs/micro-ecc'
make[1]: Leaving directory '/Users/bcouchman/Documents/Perso/projects/meeio/electronics/mongooseos/libs/arduino-sd/build/objs/wpa_supplicant'
make[1]: Entering directory '/Users/bcouchman/Documents/Perso/projects/meeio/electronics/mongooseos/libs/arduino-sd/build/objs/heap'
make[1]: Leaving directory '/Users/bcouchman/Documents/Perso/projects/meeio/electronics/mongooseos/libs/arduino-sd/build/objs/nvs_flash'
make[1]: Leaving directory '/Users/bcouchman/Documents/Perso/projects/meeio/electronics/mongooseos/libs/arduino-sd/build/objs/newlib'
make[1]: Leaving directory '/Users/bcouchman/Documents/Perso/projects/meeio/electronics/mongooseos/libs/arduino-sd/build/objs/moslib'
make[1]: Leaving directory '/Users/bcouchman/Documents/Perso/projects/meeio/electronics/mongooseos/libs/arduino-sd/build/objs/micro-ecc'
make[1]: Leaving directory '/Users/bcouchman/Documents/Perso/projects/meeio/electronics/mongooseos/libs/arduino-sd/build/objs/log'
make[1]: Leaving directory '/Users/bcouchman/Documents/Perso/projects/meeio/electronics/mongooseos/libs/arduino-sd/build/objs/heap'
make[1]: Entering directory '/Users/bcouchman/Documents/Perso/projects/meeio/electronics/mongooseos/libs/arduino-sd/build/objs/expat'
make[1]: Entering directory '/Users/bcouchman/Documents/Perso/projects/meeio/electronics/mongooseos/libs/arduino-sd/build/objs/freertos'
make[1]: Entering directory '/Users/bcouchman/Documents/Perso/projects/meeio/electronics/mongooseos/libs/arduino-sd/build/objs/esptool_py'
make[1]: Entering directory '/Users/bcouchman/Documents/Perso/projects/meeio/electronics/mongooseos/libs/arduino-sd/build/objs/esp_adc_cal'
make[1]: Entering directory '/Users/bcouchman/Documents/Perso/projects/meeio/electronics/mongooseos/libs/arduino-sd/build/objs/ethernet'
make[1]: Leaving directory '/Users/bcouchman/Documents/Perso/projects/meeio/electronics/mongooseos/libs/arduino-sd/build/objs/esptool_py'
make[1]: Entering directory '/Users/bcouchman/Documents/Perso/projects/meeio/electronics/mongooseos/libs/arduino-sd/build/objs/cxx'
make[1]: Leaving directory '/Users/bcouchman/Documents/Perso/projects/meeio/electronics/mongooseos/libs/arduino-sd/build/objs/expat'
make[1]: Leaving directory '/Users/bcouchman/Documents/Perso/projects/meeio/electronics/mongooseos/libs/arduino-sd/build/objs/ethernet'
make[1]: Leaving directory '/Users/bcouchman/Documents/Perso/projects/meeio/electronics/mongooseos/libs/arduino-sd/build/objs/freertos'
make[1]: Entering directory '/Users/bcouchman/Documents/Perso/projects/meeio/electronics/mongooseos/libs/arduino-sd/build/objs/lwip'
make[1]: Entering directory '/Users/bcouchman/Documents/Perso/projects/meeio/electronics/mongooseos/libs/arduino-sd/build/objs/bootloader'
make[1]: Leaving directory '/Users/bcouchman/Documents/Perso/projects/meeio/electronics/mongooseos/libs/arduino-sd/build/objs/esp_adc_cal'
make[1]: Entering directory '/Users/bcouchman/Documents/Perso/projects/meeio/electronics/mongooseos/libs/arduino-sd/build/objs/driver'
make[1]: Leaving directory '/Users/bcouchman/Documents/Perso/projects/meeio/electronics/mongooseos/libs/arduino-sd/build/objs/bootloader'
make[1]: Entering directory '/Users/bcouchman/Documents/Perso/projects/meeio/electronics/mongooseos/libs/arduino-sd/build/objs/app_update'
make[1]: Entering directory '/Users/bcouchman/Documents/Perso/projects/meeio/electronics/mongooseos/libs/arduino-sd/build/objs/esp32'
make[1]: Leaving directory '/Users/bcouchman/Documents/Perso/projects/meeio/electronics/mongooseos/libs/arduino-sd/build/objs/cxx'
make[1]: Entering directory '/Users/bcouchman/Documents/Perso/projects/meeio/electronics/mongooseos/libs/arduino-sd/build/objs/bootloader_support'
make[1]: Entering directory '/Users/bcouchman/Documents/Perso/projects/meeio/electronics/mongooseos/libs/arduino-sd/build/objs/app_trace'
make[1]: Leaving directory '/Users/bcouchman/Documents/Perso/projects/meeio/electronics/mongooseos/libs/arduino-sd/build/objs/lwip'
make[1]: Leaving directory '/Users/bcouchman/Documents/Perso/projects/meeio/electronics/mongooseos/libs/arduino-sd/build/objs/app_update'
make[1]: Leaving directory '/Users/bcouchman/Documents/Perso/projects/meeio/electronics/mongooseos/libs/arduino-sd/build/objs/esp32'
make[1]: Leaving directory '/Users/bcouchman/Documents/Perso/projects/meeio/electronics/mongooseos/libs/arduino-sd/build/objs/driver'
make[1]: Leaving directory '/Users/bcouchman/Documents/Perso/projects/meeio/electronics/mongooseos/libs/arduino-sd/build/objs/bootloader_support'
make[1]: Leaving directory '/Users/bcouchman/Documents/Perso/projects/meeio/electronics/mongooseos/libs/arduino-sd/build/objs/app_trace'
including /opt/Espressif/esp-idf/components/bootloader/Makefile.projbuild...
including /opt/Espressif/esp-idf/components/bootloader_support/Makefile.projbuild...
including /opt/Espressif/esp-idf/components/esp32/Makefile.projbuild...
including /opt/Espressif/esp-idf/components/esptool_py/Makefile.projbuild...
including /opt/Espressif/esp-idf/components/partition_table/Makefile.projbuild...
make[1]: Entering directory '/Users/bcouchman/Documents/Perso/projects/meeio/electronics/mongooseos/libs/arduino-sd/build/objs/cs_mbedtls'
make[1]: Entering directory '/Users/bcouchman/Documents/Perso/projects/meeio/electronics/mongooseos/libs/arduino-sd/build/objs/sdmmc'
make[1]: Entering directory '/Users/bcouchman/Documents/Perso/projects/meeio/electronics/mongooseos/libs/arduino-sd/build/objs/fatfs'
make[1]: Entering directory '/Users/bcouchman/Documents/Perso/projects/meeio/electronics/mongooseos/libs/arduino-sd/build/objs/wear_levelling'
make[1]: Entering directory '/Users/bcouchman/Documents/Perso/projects/meeio/electronics/mongooseos/libs/arduino-sd/build/objs/cryptoauthlib'
make[1]: Entering directory '/Users/bcouchman/Documents/Perso/projects/meeio/electronics/mongooseos/libs/arduino-sd/build/objs/xtensa-debug-module'
make[1]: Entering directory '/Users/bcouchman/Documents/Perso/projects/meeio/electronics/mongooseos/libs/arduino-sd/build/objs/spiffs'
make[1]: Leaving directory '/Users/bcouchman/Documents/Perso/projects/meeio/electronics/mongooseos/libs/arduino-sd/build/objs/cs_mbedtls'
make[1]: Leaving directory '/Users/bcouchman/Documents/Perso/projects/meeio/electronics/mongooseos/libs/arduino-sd/build/objs/cryptoauthlib'
make[1]: Leaving directory '/Users/bcouchman/Documents/Perso/projects/meeio/electronics/mongooseos/libs/arduino-sd/build/objs/xtensa-debug-module'
make[1]: Leaving directory '/Users/bcouchman/Documents/Perso/projects/meeio/electronics/mongooseos/libs/arduino-sd/build/objs/fatfs'
make[1]: Leaving directory '/Users/bcouchman/Documents/Perso/projects/meeio/electronics/mongooseos/libs/arduino-sd/build/objs/sdmmc'
make[1]: Leaving directory '/Users/bcouchman/Documents/Perso/projects/meeio/electronics/mongooseos/libs/arduino-sd/build/objs/wear_levelling'
make[1]: Entering directory '/Users/bcouchman/Documents/Perso/projects/meeio/electronics/mongooseos/libs/arduino-sd/build/objs/tcpip_adapter'
make[1]: Entering directory '/Users/bcouchman/Documents/Perso/projects/meeio/electronics/mongooseos/libs/arduino-sd/build/objs/vfs'
make[1]: Leaving directory '/Users/bcouchman/Documents/Perso/projects/meeio/electronics/mongooseos/libs/arduino-sd/build/objs/spiffs'
make[1]: Entering directory '/Users/bcouchman/Documents/Perso/projects/meeio/electronics/mongooseos/libs/arduino-sd/build/objs/spi_flash'
make[1]: Entering directory '/Users/bcouchman/Documents/Perso/projects/meeio/electronics/mongooseos/libs/arduino-sd/build/objs/pthread'
make[1]: Entering directory '/Users/bcouchman/Documents/Perso/projects/meeio/electronics/mongooseos/libs/arduino-sd/build/objs/soc'
make[1]: Entering directory '/Users/bcouchman/Documents/Perso/projects/meeio/electronics/mongooseos/libs/arduino-sd/build/objs/moslib'
make[1]: Entering directory '/Users/bcouchman/Documents/Perso/projects/meeio/electronics/mongooseos/libs/arduino-sd/build/objs/partition_table'
make[1]: Leaving directory '/Users/bcouchman/Documents/Perso/projects/meeio/electronics/mongooseos/libs/arduino-sd/build/objs/tcpip_adapter'
make[1]: Leaving directory '/Users/bcouchman/Documents/Perso/projects/meeio/electronics/mongooseos/libs/arduino-sd/build/objs/partition_table'
make[1]: Leaving directory '/Users/bcouchman/Documents/Perso/projects/meeio/electronics/mongooseos/libs/arduino-sd/build/objs/vfs'
make[1]: Entering directory '/Users/bcouchman/Documents/Perso/projects/meeio/electronics/mongooseos/libs/arduino-sd/build/objs/wpa_supplicant'
make[1]: Leaving directory '/Users/bcouchman/Documents/Perso/projects/meeio/electronics/mongooseos/libs/arduino-sd/build/objs/spi_flash'
make[1]: Leaving directory '/Users/bcouchman/Documents/Perso/projects/meeio/electronics/mongooseos/libs/arduino-sd/build/objs/pthread'
make[1]: Leaving directory '/Users/bcouchman/Documents/Perso/projects/meeio/electronics/mongooseos/libs/arduino-sd/build/objs/soc'
make[1]: Leaving directory '/Users/bcouchman/Documents/Perso/projects/meeio/electronics/mongooseos/libs/arduino-sd/build/objs/moslib'
make[1]: Entering directory '/Users/bcouchman/Documents/Perso/projects/meeio/electronics/mongooseos/libs/arduino-sd/build/objs/micro-ecc'
make[1]: Entering directory '/Users/bcouchman/Documents/Perso/projects/meeio/electronics/mongooseos/libs/arduino-sd/build/objs/newlib'
make[1]: Entering directory '/Users/bcouchman/Documents/Perso/projects/meeio/electronics/mongooseos/libs/arduino-sd/build/objs/nvs_flash'
make[1]: Entering directory '/Users/bcouchman/Documents/Perso/projects/meeio/electronics/mongooseos/libs/arduino-sd/build/objs/log'
make[1]: Leaving directory '/Users/bcouchman/Documents/Perso/projects/meeio/electronics/mongooseos/libs/arduino-sd/build/objs/wpa_supplicant'
make[1]: Entering directory '/Users/bcouchman/Documents/Perso/projects/meeio/electronics/mongooseos/libs/arduino-sd/build/objs/heap'
make[1]: Leaving directory '/Users/bcouchman/Documents/Perso/projects/meeio/electronics/mongooseos/libs/arduino-sd/build/objs/micro-ecc'
make[1]: Leaving directory '/Users/bcouchman/Documents/Perso/projects/meeio/electronics/mongooseos/libs/arduino-sd/build/objs/newlib'
make[1]: Entering directory '/Users/bcouchman/Documents/Perso/projects/meeio/electronics/mongooseos/libs/arduino-sd/build/objs/freertos'
make[1]: Leaving directory '/Users/bcouchman/Documents/Perso/projects/meeio/electronics/mongooseos/libs/arduino-sd/build/objs/nvs_flash'
make[1]: Leaving directory '/Users/bcouchman/Documents/Perso/projects/meeio/electronics/mongooseos/libs/arduino-sd/build/objs/log'
make[1]: Entering directory '/Users/bcouchman/Documents/Perso/projects/meeio/electronics/mongooseos/libs/arduino-sd/build/objs/expat'
make[1]: Entering directory '/Users/bcouchman/Documents/Perso/projects/meeio/electronics/mongooseos/libs/arduino-sd/build/objs/esptool_py'
make[1]: Entering directory '/Users/bcouchman/Documents/Perso/projects/meeio/electronics/mongooseos/libs/arduino-sd/build/objs/ethernet'
make[1]: Leaving directory '/Users/bcouchman/Documents/Perso/projects/meeio/electronics/mongooseos/libs/arduino-sd/build/objs/esptool_py'
make[1]: Leaving directory '/Users/bcouchman/Documents/Perso/projects/meeio/electronics/mongooseos/libs/arduino-sd/build/objs/heap'
make[1]: Leaving directory '/Users/bcouchman/Documents/Perso/projects/meeio/electronics/mongooseos/libs/arduino-sd/build/objs/freertos'
make[1]: Entering directory '/Users/bcouchman/Documents/Perso/projects/meeio/electronics/mongooseos/libs/arduino-sd/build/objs/esp_adc_cal'
make[1]: Entering directory '/Users/bcouchman/Documents/Perso/projects/meeio/electronics/mongooseos/libs/arduino-sd/build/objs/cxx'
make[1]: Leaving directory '/Users/bcouchman/Documents/Perso/projects/meeio/electronics/mongooseos/libs/arduino-sd/build/objs/ethernet'
make[1]: Entering directory '/Users/bcouchman/Documents/Perso/projects/meeio/electronics/mongooseos/libs/arduino-sd/build/objs/lwip'
make[1]: Leaving directory '/Users/bcouchman/Documents/Perso/projects/meeio/electronics/mongooseos/libs/arduino-sd/build/objs/expat'
make[1]: Entering directory '/Users/bcouchman/Documents/Perso/projects/meeio/electronics/mongooseos/libs/arduino-sd/build/objs/bootloader'
make[1]: Leaving directory '/Users/bcouchman/Documents/Perso/projects/meeio/electronics/mongooseos/libs/arduino-sd/build/objs/bootloader'
make[1]: Entering directory '/Users/bcouchman/Documents/Perso/projects/meeio/electronics/mongooseos/libs/arduino-sd/build/objs/bootloader_support'
make[1]: Leaving directory '/Users/bcouchman/Documents/Perso/projects/meeio/electronics/mongooseos/libs/arduino-sd/build/objs/cxx'
make[1]: Entering directory '/Users/bcouchman/Documents/Perso/projects/meeio/electronics/mongooseos/libs/arduino-sd/build/objs/esp32'
make[1]: Entering directory '/Users/bcouchman/Documents/Perso/projects/meeio/electronics/mongooseos/libs/arduino-sd/build/objs/driver'
make[1]: Leaving directory '/Users/bcouchman/Documents/Perso/projects/meeio/electronics/mongooseos/libs/arduino-sd/build/objs/esp_adc_cal'
make[1]: Entering directory '/Users/bcouchman/Documents/Perso/projects/meeio/electronics/mongooseos/libs/arduino-sd/build/objs/app_update'
make[1]: Leaving directory '/Users/bcouchman/Documents/Perso/projects/meeio/electronics/mongooseos/libs/arduino-sd/build/objs/lwip'
make[1]: Entering directory '/Users/bcouchman/Documents/Perso/projects/meeio/electronics/mongooseos/libs/arduino-sd/build/objs/app_trace'
make[1]: Leaving directory '/Users/bcouchman/Documents/Perso/projects/meeio/electronics/mongooseos/libs/arduino-sd/build/objs/bootloader_support'
make[1]: Leaving directory '/Users/bcouchman/Documents/Perso/projects/meeio/electronics/mongooseos/libs/arduino-sd/build/objs/esp32'
make[1]: Leaving directory '/Users/bcouchman/Documents/Perso/projects/meeio/electronics/mongooseos/libs/arduino-sd/build/objs/driver'
make[1]: Leaving directory '/Users/bcouchman/Documents/Perso/projects/meeio/electronics/mongooseos/libs/arduino-sd/build/objs/app_update'
make[1]: Leaving directory '/Users/bcouchman/Documents/Perso/projects/meeio/electronics/mongooseos/libs/arduino-sd/build/objs/app_trace'
including /opt/Espressif/esp-idf/components/bootloader/Makefile.projbuild...
including /opt/Espressif/esp-idf/components/bootloader_support/Makefile.projbuild...
including /opt/Espressif/esp-idf/components/esp32/Makefile.projbuild...
including /opt/Espressif/esp-idf/components/esptool_py/Makefile.projbuild...
including /opt/Espressif/esp-idf/components/partition_table/Makefile.projbuild...
make[1]: Entering directory '/Users/bcouchman/Documents/Perso/projects/meeio/electronics/mongooseos/libs/arduino-sd/build/objs/sdmmc'
make[1]: Entering directory '/Users/bcouchman/Documents/Perso/projects/meeio/electronics/mongooseos/libs/arduino-sd/build/objs/cs_mbedtls'
make[1]: Entering directory '/Users/bcouchman/Documents/Perso/projects/meeio/electronics/mongooseos/libs/arduino-sd/build/objs/fatfs'
make[1]: Entering directory '/Users/bcouchman/Documents/Perso/projects/meeio/electronics/mongooseos/libs/arduino-sd/build/objs/wear_levelling'
make[1]: Entering directory '/Users/bcouchman/Documents/Perso/projects/meeio/electronics/mongooseos/libs/arduino-sd/build/objs/cryptoauthlib'
make[1]: Entering directory '/Users/bcouchman/Documents/Perso/projects/meeio/electronics/mongooseos/libs/arduino-sd/build/objs/xtensa-debug-module'
make[1]: Leaving directory '/Users/bcouchman/Documents/Perso/projects/meeio/electronics/mongooseos/libs/arduino-sd/build/objs/sdmmc'
make[1]: Entering directory '/Users/bcouchman/Documents/Perso/projects/meeio/electronics/mongooseos/libs/arduino-sd/build/objs/spiffs'
make[1]: Leaving directory '/Users/bcouchman/Documents/Perso/projects/meeio/electronics/mongooseos/libs/arduino-sd/build/objs/fatfs'
make[1]: Leaving directory '/Users/bcouchman/Documents/Perso/projects/meeio/electronics/mongooseos/libs/arduino-sd/build/objs/cs_mbedtls'
make[1]: Leaving directory '/Users/bcouchman/Documents/Perso/projects/meeio/electronics/mongooseos/libs/arduino-sd/build/objs/wear_levelling'
make[1]: Leaving directory '/Users/bcouchman/Documents/Perso/projects/meeio/electronics/mongooseos/libs/arduino-sd/build/objs/cryptoauthlib'
make[1]: Leaving directory '/Users/bcouchman/Documents/Perso/projects/meeio/electronics/mongooseos/libs/arduino-sd/build/objs/xtensa-debug-module'
make[1]: Entering directory '/Users/bcouchman/Documents/Perso/projects/meeio/electronics/mongooseos/libs/arduino-sd/build/objs/tcpip_adapter'
make[1]: Entering directory '/Users/bcouchman/Documents/Perso/projects/meeio/electronics/mongooseos/libs/arduino-sd/build/objs/vfs'
make[1]: Entering directory '/Users/bcouchman/Documents/Perso/projects/meeio/electronics/mongooseos/libs/arduino-sd/build/objs/pthread'
make[1]: Entering directory '/Users/bcouchman/Documents/Perso/projects/meeio/electronics/mongooseos/libs/arduino-sd/build/objs/spi_flash'
make[1]: Leaving directory '/Users/bcouchman/Documents/Perso/projects/meeio/electronics/mongooseos/libs/arduino-sd/build/objs/spiffs'
make[1]: Entering directory '/Users/bcouchman/Documents/Perso/projects/meeio/electronics/mongooseos/libs/arduino-sd/build/objs/soc'
make[1]: Entering directory '/Users/bcouchman/Documents/Perso/projects/meeio/electronics/mongooseos/libs/arduino-sd/build/objs/partition_table'
make[1]: Leaving directory '/Users/bcouchman/Documents/Perso/projects/meeio/electronics/mongooseos/libs/arduino-sd/build/objs/partition_table'
make[1]: Leaving directory '/Users/bcouchman/Documents/Perso/projects/meeio/electronics/mongooseos/libs/arduino-sd/build/objs/tcpip_adapter'
make[1]: Entering directory '/Users/bcouchman/Documents/Perso/projects/meeio/electronics/mongooseos/libs/arduino-sd/build/objs/moslib'
make[1]: Entering directory '/Users/bcouchman/Documents/Perso/projects/meeio/electronics/mongooseos/libs/arduino-sd/build/objs/wpa_supplicant'
make[1]: Leaving directory '/Users/bcouchman/Documents/Perso/projects/meeio/electronics/mongooseos/libs/arduino-sd/build/objs/pthread'
make[1]: Leaving directory '/Users/bcouchman/Documents/Perso/projects/meeio/electronics/mongooseos/libs/arduino-sd/build/objs/vfs'
make[1]: Leaving directory '/Users/bcouchman/Documents/Perso/projects/meeio/electronics/mongooseos/libs/arduino-sd/build/objs/soc'
make[1]: Leaving directory '/Users/bcouchman/Documents/Perso/projects/meeio/electronics/mongooseos/libs/arduino-sd/build/objs/spi_flash'
make[1]: Entering directory '/Users/bcouchman/Documents/Perso/projects/meeio/electronics/mongooseos/libs/arduino-sd/build/objs/micro-ecc'
make[1]: Entering directory '/Users/bcouchman/Documents/Perso/projects/meeio/electronics/mongooseos/libs/arduino-sd/build/objs/nvs_flash'
make[1]: Entering directory '/Users/bcouchman/Documents/Perso/projects/meeio/electronics/mongooseos/libs/arduino-sd/build/objs/newlib'
make[1]: Entering directory '/Users/bcouchman/Documents/Perso/projects/meeio/electronics/mongooseos/libs/arduino-sd/build/objs/log'
make[1]: Entering directory '/Users/bcouchman/Documents/Perso/projects/meeio/electronics/mongooseos/libs/arduino-sd/build/objs/heap'
make[1]: Leaving directory '/Users/bcouchman/Documents/Perso/projects/meeio/electronics/mongooseos/libs/arduino-sd/build/objs/wpa_supplicant'
make[1]: Leaving directory '/Users/bcouchman/Documents/Perso/projects/meeio/electronics/mongooseos/libs/arduino-sd/build/objs/moslib'
make[1]: Leaving directory '/Users/bcouchman/Documents/Perso/projects/meeio/electronics/mongooseos/libs/arduino-sd/build/objs/nvs_flash'
make[1]: Leaving directory '/Users/bcouchman/Documents/Perso/projects/meeio/electronics/mongooseos/libs/arduino-sd/build/objs/micro-ecc'
make[1]: Leaving directory '/Users/bcouchman/Documents/Perso/projects/meeio/electronics/mongooseos/libs/arduino-sd/build/objs/newlib'
make[1]: Leaving directory '/Users/bcouchman/Documents/Perso/projects/meeio/electronics/mongooseos/libs/arduino-sd/build/objs/log'
make[1]: Leaving directory '/Users/bcouchman/Documents/Perso/projects/meeio/electronics/mongooseos/libs/arduino-sd/build/objs/heap'
make[1]: Entering directory '/Users/bcouchman/Documents/Perso/projects/meeio/electronics/mongooseos/libs/arduino-sd/build/objs/esptool_py'
make[1]: Entering directory '/Users/bcouchman/Documents/Perso/projects/meeio/electronics/mongooseos/libs/arduino-sd/build/objs/expat'
make[1]: Leaving directory '/Users/bcouchman/Documents/Perso/projects/meeio/electronics/mongooseos/libs/arduino-sd/build/objs/esptool_py'
make[1]: Entering directory '/Users/bcouchman/Documents/Perso/projects/meeio/electronics/mongooseos/libs/arduino-sd/build/objs/freertos'
make[1]: Entering directory '/Users/bcouchman/Documents/Perso/projects/meeio/electronics/mongooseos/libs/arduino-sd/build/objs/esp_adc_cal'
make[1]: Entering directory '/Users/bcouchman/Documents/Perso/projects/meeio/electronics/mongooseos/libs/arduino-sd/build/objs/ethernet'
make[1]: Entering directory '/Users/bcouchman/Documents/Perso/projects/meeio/electronics/mongooseos/libs/arduino-sd/build/objs/cxx'
make[1]: Leaving directory '/Users/bcouchman/Documents/Perso/projects/meeio/electronics/mongooseos/libs/arduino-sd/build/objs/expat'
make[1]: Entering directory '/Users/bcouchman/Documents/Perso/projects/meeio/electronics/mongooseos/libs/arduino-sd/build/objs/driver'
make[1]: Entering directory '/Users/bcouchman/Documents/Perso/projects/meeio/electronics/mongooseos/libs/arduino-sd/build/objs/lwip'
make[1]: Leaving directory '/Users/bcouchman/Documents/Perso/projects/meeio/electronics/mongooseos/libs/arduino-sd/build/objs/freertos'
make[1]: Leaving directory '/Users/bcouchman/Documents/Perso/projects/meeio/electronics/mongooseos/libs/arduino-sd/build/objs/esp_adc_cal'
make[1]: Leaving directory '/Users/bcouchman/Documents/Perso/projects/meeio/electronics/mongooseos/libs/arduino-sd/build/objs/ethernet'
make[1]: Leaving directory '/Users/bcouchman/Documents/Perso/projects/meeio/electronics/mongooseos/libs/arduino-sd/build/objs/cxx'
make[1]: Entering directory '/Users/bcouchman/Documents/Perso/projects/meeio/electronics/mongooseos/libs/arduino-sd/build/objs/esp32'
make[1]: Entering directory '/Users/bcouchman/Documents/Perso/projects/meeio/electronics/mongooseos/libs/arduino-sd/build/objs/bootloader'
make[1]: Entering directory '/Users/bcouchman/Documents/Perso/projects/meeio/electronics/mongooseos/libs/arduino-sd/build/objs/app_update'
make[1]: Entering directory '/Users/bcouchman/Documents/Perso/projects/meeio/electronics/mongooseos/libs/arduino-sd/build/objs/bootloader_support'
make[1]: Leaving directory '/Users/bcouchman/Documents/Perso/projects/meeio/electronics/mongooseos/libs/arduino-sd/build/objs/bootloader'
make[1]: Leaving directory '/Users/bcouchman/Documents/Perso/projects/meeio/electronics/mongooseos/libs/arduino-sd/build/objs/lwip'
make[1]: Leaving directory '/Users/bcouchman/Documents/Perso/projects/meeio/electronics/mongooseos/libs/arduino-sd/build/objs/driver'
make[1]: Entering directory '/Users/bcouchman/Documents/Perso/projects/meeio/electronics/mongooseos/libs/arduino-sd/build/objs/app_trace'
make[1]: Leaving directory '/Users/bcouchman/Documents/Perso/projects/meeio/electronics/mongooseos/libs/arduino-sd/build/objs/esp32'
make[1]: Leaving directory '/Users/bcouchman/Documents/Perso/projects/meeio/electronics/mongooseos/libs/arduino-sd/build/objs/app_update'
make[1]: Leaving directory '/Users/bcouchman/Documents/Perso/projects/meeio/electronics/mongooseos/libs/arduino-sd/build/objs/bootloader_support'
make[1]: Leaving directory '/Users/bcouchman/Documents/Perso/projects/meeio/electronics/mongooseos/libs/arduino-sd/build/objs/app_trace'
including /opt/Espressif/esp-idf/components/bootloader/Makefile.projbuild...
including /opt/Espressif/esp-idf/components/bootloader_support/Makefile.projbuild...
including /opt/Espressif/esp-idf/components/esp32/Makefile.projbuild...
including /opt/Espressif/esp-idf/components/esptool_py/Makefile.projbuild...
including /opt/Espressif/esp-idf/components/partition_table/Makefile.projbuild...
make[1]: Entering directory '/Users/bcouchman/Documents/Perso/projects/meeio/electronics/mongooseos/libs/arduino-sd/build/objs/moslib'
  GEN   /Users/bcouchman/Documents/Perso/projects/meeio/electronics/mongooseos/libs/arduino-sd/build/gen/mgos_config.c
  GEN   /Users/bcouchman/Documents/Perso/projects/meeio/electronics/mongooseos/libs/arduino-sd/build/gen/mgos_ro_vars.c
CXX SD.o
CXX SPI.o
CXX sd_diskio.o
CXX vfs_api.o
CC sd_diskio_crc.o
CXX FS.o
CC mgos_arduino_sd_c.o
CXX mgos_arduino_sd.o
AR /Users/bcouchman/Documents/Perso/projects/meeio/electronics/mongooseos/libs/arduino-sd/build/objs/moslib/libmoslib.a
make[1]: Leaving directory '/Users/bcouchman/Documents/Perso/projects/meeio/electronics/mongooseos/libs/arduino-sd/build/objs/moslib'
Target 'component-moslib-build' responsible for '/Users/bcouchman/Documents/Perso/projects/meeio/electronics/mongooseos/libs/arduino-sd/build/objs/moslib/libmoslib.a'
make: Leaving directory '/app/arduino-sd'
Target build/objs/moslib/libmoslib.a is built successfully
